<?xml version="1.0" encoding="UTF-8"?>
<!-- Generated by org.testng.reporters.JUnitReportReporter -->
<testsuite skipped="0" hostname="Gunays-Air-4" name="core.SubtractTest" tests="4" failures="0" timestamp="26 Sep 2017 19:26:37 GMT" time="0.025" errors="0">
  <testcase name="add_test_instanceOf" time="0.023" classname="core.SubtractTest"/>
  <testcase name="add_test_2_param" time="0.001" classname="core.SubtractTest"/>
  <testcase name="add_test_3_param" time="0.001" classname="core.SubtractTest"/>
  <testcase name="add_test_4_param" time="0.000" classname="core.SubtractTest"/>
</testsuite> <!-- core.SubtractTest -->
